<?xml version="1.0" encoding="UTF-8"?>
<testng-results ignored="0" total="2" passed="1" failed="1" skipped="0">
  <reporter-output>
  </reporter-output>
  <suite started-at="2024-11-24T21:31:58 GMT" name="Default suite" finished-at="2024-11-24T21:32:15 GMT" duration-ms="16760">
    <groups>
      <group name="sanity">
        <method signature="LoginTest.loginTest(com.ui.pojo.User)[pri:0, instance:com.ui.tests.LoginTest@70ab2d48]" name="loginTest" class="com.ui.tests.LoginTest"/>
      </group> <!-- sanity -->
      <group name="e2e">
        <method signature="LoginTest.loginTest(com.ui.pojo.User)[pri:0, instance:com.ui.tests.LoginTest@70ab2d48]" name="loginTest" class="com.ui.tests.LoginTest"/>
      </group> <!-- e2e -->
    </groups>
    <test started-at="2024-11-24T21:31:58 GMT" name="Default test" finished-at="2024-11-24T21:32:15 GMT" duration-ms="16760">
      <class name="com.ui.tests.LoginTest">
        <test-method is-config="true" signature="setUp(java.lang.String, java.lang.Boolean, java.lang.Boolean, org.testng.ITestResult)[pri:0, instance:com.ui.tests.LoginTest@70ab2d48]" started-at="2024-11-24T21:31:58 GMT" name="setUp" description="Launch the home page" finished-at="2024-11-24T21:32:07 GMT" duration-ms="8933" status="PASS">
          <params>
            <param index="0">
              <value>
                <![CDATA[chrome]]>
              </value>
            </param>
            <param index="1">
              <value>
                <![CDATA[false]]>
              </value>
            </param>
            <param index="2">
              <value>
                <![CDATA[true]]>
              </value>
            </param>
            <param index="3">
              <value>
                <![CDATA[[TestResult name={null} status=CREATED method=LoginTest.loginTest(com.ui.pojo.User)[pri:0, instance:com.ui.tests.LoginTest@70ab2d48] output={null}]]]>
              </value>
            </param>
          </params>
          <reporter-output>
          </reporter-output>
        </test-method> <!-- setUp -->
        <test-method signature="loginTest(com.ui.pojo.User)[pri:0, instance:com.ui.tests.LoginTest@70ab2d48]" started-at="2024-11-24T21:32:07 GMT" name="loginTest" description="verify if a valid user is able to login to the application" data-provider="Login test data provider" finished-at="2024-11-24T21:32:08 GMT" duration-ms="1292" status="FAIL">
          <params>
            <param index="0">
              <value>
                <![CDATA[User [emailAddress=pavanichappa@gmail.com, password=password]]]>
              </value>
            </param>
          </params>
          <exception class="org.openqa.selenium.NoSuchElementException">
            <message>
              <![CDATA[no such element: Unable to locate element: {"method":"xpath","selector":"//a[@title = "View my customer account"]/span"}
  (Session info: chrome-headless-shell=131.0.6778.86)
For documentation on this error, please visit: https://www.selenium.dev/documentation/webdriver/troubleshooting/errors#no-such-element-exception
Build info: version: '4.25.0', revision: '8a8aea2337'
System info: os.name: 'Windows 10', os.arch: 'amd64', os.version: '10.0', java.version: '11.0.1'
Driver info: org.openqa.selenium.chrome.ChromeDriver
Command: [ce51500a98eaf65a0b08fe7e99b92259, findElement {using=xpath, value=//a[@title = "View my customer account"]/span}]
Capabilities {acceptInsecureCerts: false, browserName: chrome-headless-shell, browserVersion: 131.0.6778.86, chrome: {chromedriverVersion: 131.0.6778.85 (3d81e41b6f3a..., userDataDir: C:\Users\pavan\AppData\Loca...}, fedcm:accounts: true, goog:chromeOptions: {debuggerAddress: localhost:53474}, networkConnectionEnabled: false, pageLoadStrategy: normal, platformName: windows, proxy: Proxy(), se:cdp: ws://localhost:53474/devtoo..., se:cdpVersion: 131.0.6778.86, setWindowRect: true, strictFileInteractability: false, timeouts: {implicit: 0, pageLoad: 300000, script: 30000}, unhandledPromptBehavior: dismiss and notify, webauthn:extension:credBlob: true, webauthn:extension:largeBlob: true, webauthn:extension:minPinLength: true, webauthn:extension:prf: true, webauthn:virtualAuthenticators: true}
Session ID: ce51500a98eaf65a0b08fe7e99b92259]]>
            </message>
            <full-stacktrace>
              <![CDATA[org.openqa.selenium.NoSuchElementException: no such element: Unable to locate element: {"method":"xpath","selector":"//a[@title = "View my customer account"]/span"}
  (Session info: chrome-headless-shell=131.0.6778.86)
For documentation on this error, please visit: https://www.selenium.dev/documentation/webdriver/troubleshooting/errors#no-such-element-exception
Build info: version: '4.25.0', revision: '8a8aea2337'
System info: os.name: 'Windows 10', os.arch: 'amd64', os.version: '10.0', java.version: '11.0.1'
Driver info: org.openqa.selenium.chrome.ChromeDriver
Command: [ce51500a98eaf65a0b08fe7e99b92259, findElement {using=xpath, value=//a[@title = "View my customer account"]/span}]
Capabilities {acceptInsecureCerts: false, browserName: chrome-headless-shell, browserVersion: 131.0.6778.86, chrome: {chromedriverVersion: 131.0.6778.85 (3d81e41b6f3a..., userDataDir: C:\Users\pavan\AppData\Loca...}, fedcm:accounts: true, goog:chromeOptions: {debuggerAddress: localhost:53474}, networkConnectionEnabled: false, pageLoadStrategy: normal, platformName: windows, proxy: Proxy(), se:cdp: ws://localhost:53474/devtoo..., se:cdpVersion: 131.0.6778.86, setWindowRect: true, strictFileInteractability: false, timeouts: {implicit: 0, pageLoad: 300000, script: 30000}, unhandledPromptBehavior: dismiss and notify, webauthn:extension:credBlob: true, webauthn:extension:largeBlob: true, webauthn:extension:minPinLength: true, webauthn:extension:prf: true, webauthn:virtualAuthenticators: true}
Session ID: ce51500a98eaf65a0b08fe7e99b92259
at java.base/jdk.internal.reflect.NativeConstructorAccessorImpl.newInstance0(Native Method)
at java.base/jdk.internal.reflect.NativeConstructorAccessorImpl.newInstance(NativeConstructorAccessorImpl.java:62)
at java.base/jdk.internal.reflect.DelegatingConstructorAccessorImpl.newInstance(DelegatingConstructorAccessorImpl.java:45)
at java.base/java.lang.reflect.Constructor.newInstance(Constructor.java:490)
at org.openqa.selenium.remote.ErrorCodec.decode(ErrorCodec.java:167)
at org.openqa.selenium.remote.codec.w3c.W3CHttpResponseCodec.decode(W3CHttpResponseCodec.java:138)
at org.openqa.selenium.remote.codec.w3c.W3CHttpResponseCodec.decode(W3CHttpResponseCodec.java:50)
at org.openqa.selenium.remote.HttpCommandExecutor.execute(HttpCommandExecutor.java:190)
at org.openqa.selenium.remote.service.DriverCommandExecutor.invokeExecute(DriverCommandExecutor.java:216)
at org.openqa.selenium.remote.service.DriverCommandExecutor.execute(DriverCommandExecutor.java:174)
at org.openqa.selenium.remote.RemoteWebDriver.execute(RemoteWebDriver.java:545)
at org.openqa.selenium.remote.ElementLocation$ElementFinder$2.findElement(ElementLocation.java:165)
at org.openqa.selenium.remote.ElementLocation.findElement(ElementLocation.java:59)
at org.openqa.selenium.remote.RemoteWebDriver.findElement(RemoteWebDriver.java:368)
at org.openqa.selenium.remote.RemoteWebDriver.findElement(RemoteWebDriver.java:362)
at com.utility.BrowserUtility.getVisibleText(BrowserUtility.java:110)
at com.ui.pages.MyAccountPage.getUserName(MyAccountPage.java:27)
at com.ui.tests.LoginTest.loginTest(LoginTest.java:21)
at java.base/jdk.internal.reflect.NativeMethodAccessorImpl.invoke0(Native Method)
at java.base/jdk.internal.reflect.NativeMethodAccessorImpl.invoke(NativeMethodAccessorImpl.java:62)
at java.base/jdk.internal.reflect.DelegatingMethodAccessorImpl.invoke(DelegatingMethodAccessorImpl.java:43)
at java.base/java.lang.reflect.Method.invoke(Method.java:566)
at org.testng.internal.MethodInvocationHelper.invokeMethod(MethodInvocationHelper.java:132)
at org.testng.internal.TestInvoker.invokeMethod(TestInvoker.java:599)
at org.testng.internal.TestInvoker.invokeTestMethod(TestInvoker.java:174)
at org.testng.internal.MethodRunner.runInSequence(MethodRunner.java:46)
at org.testng.internal.TestInvoker$MethodInvocationAgent.invoke(TestInvoker.java:822)
at org.testng.internal.TestInvoker.invokeTestMethods(TestInvoker.java:147)
at org.testng.internal.TestMethodWorker.invokeTestMethods(TestMethodWorker.java:146)
at org.testng.internal.TestMethodWorker.run(TestMethodWorker.java:128)
at java.base/java.util.ArrayList.forEach(ArrayList.java:1540)
at org.testng.TestRunner.privateRun(TestRunner.java:764)
at org.testng.TestRunner.run(TestRunner.java:585)
at org.testng.SuiteRunner.runTest(SuiteRunner.java:384)
at org.testng.SuiteRunner.runSequentially(SuiteRunner.java:378)
at org.testng.SuiteRunner.privateRun(SuiteRunner.java:337)
at org.testng.SuiteRunner.run(SuiteRunner.java:286)
at org.testng.SuiteRunnerWorker.runSuite(SuiteRunnerWorker.java:53)
at org.testng.SuiteRunnerWorker.run(SuiteRunnerWorker.java:96)
at org.testng.TestNG.runSuitesSequentially(TestNG.java:1218)
at org.testng.TestNG.runSuitesLocally(TestNG.java:1140)
at org.testng.TestNG.runSuites(TestNG.java:1069)
at org.testng.TestNG.run(TestNG.java:1037)
at org.testng.remote.AbstractRemoteTestNG.run(AbstractRemoteTestNG.java:115)
at org.testng.remote.RemoteTestNG.initAndRun(RemoteTestNG.java:293)
at org.testng.remote.RemoteTestNG.main(RemoteTestNG.java:91)
]]>
            </full-stacktrace>
          </exception> <!-- org.openqa.selenium.NoSuchElementException -->
          <reporter-output>
          </reporter-output>
        </test-method> <!-- loginTest -->
        <test-method is-config="true" signature="tearDown()[pri:0, instance:com.ui.tests.LoginTest@70ab2d48]" started-at="2024-11-24T21:32:09 GMT" name="tearDown" description="Tear down the browser" finished-at="2024-11-24T21:32:09 GMT" duration-ms="649" status="PASS">
          <reporter-output>
          </reporter-output>
        </test-method> <!-- tearDown -->
        <test-method is-config="true" signature="setUp(java.lang.String, java.lang.Boolean, java.lang.Boolean, org.testng.ITestResult)[pri:0, instance:com.ui.tests.LoginTest@70ab2d48]" started-at="2024-11-24T21:32:09 GMT" name="setUp" description="Launch the home page" finished-at="2024-11-24T21:32:13 GMT" duration-ms="3404" status="PASS">
          <params>
            <param index="0">
              <value>
                <![CDATA[chrome]]>
              </value>
            </param>
            <param index="1">
              <value>
                <![CDATA[false]]>
              </value>
            </param>
            <param index="2">
              <value>
                <![CDATA[true]]>
              </value>
            </param>
            <param index="3">
              <value>
                <![CDATA[[TestResult name={null} status=CREATED method=LoginTest.loginTest(com.ui.pojo.User)[pri:0, instance:com.ui.tests.LoginTest@70ab2d48] output={null}]]]>
              </value>
            </param>
          </params>
          <reporter-output>
          </reporter-output>
        </test-method> <!-- setUp -->
        <test-method signature="loginTest(com.ui.pojo.User)[pri:0, instance:com.ui.tests.LoginTest@70ab2d48]" started-at="2024-11-24T21:32:13 GMT" name="loginTest" description="verify if a valid user is able to login to the application" data-provider="Login test data provider" finished-at="2024-11-24T21:32:14 GMT" duration-ms="1352" status="PASS">
          <params>
            <param index="0">
              <value>
                <![CDATA[User [emailAddress=bakomam596@skrak.com, password=password]]]>
              </value>
            </param>
          </params>
          <reporter-output>
          </reporter-output>
        </test-method> <!-- loginTest -->
        <test-method is-config="true" signature="tearDown()[pri:0, instance:com.ui.tests.LoginTest@70ab2d48]" started-at="2024-11-24T21:32:14 GMT" name="tearDown" description="Tear down the browser" finished-at="2024-11-24T21:32:15 GMT" duration-ms="608" status="PASS">
          <reporter-output>
          </reporter-output>
        </test-method> <!-- tearDown -->
      </class> <!-- com.ui.tests.LoginTest -->
    </test> <!-- Default test -->
  </suite> <!-- Default suite -->
</testng-results>
